c:\users\lcepa\documents\visual studio 2015\projects\arff_parser\arff_parser\debug\arff_parser.pch
c:\users\lcepa\documents\visual studio 2015\projects\arff_parser\arff_parser\debug\vc140.pdb
c:\users\lcepa\documents\visual studio 2015\projects\arff_parser\arff_parser\debug\vc140.idb
c:\users\lcepa\documents\visual studio 2015\projects\arff_parser\arff_parser\debug\stdafx.obj
c:\users\lcepa\documents\visual studio 2015\projects\arff_parser\arff_parser\debug\arff_parser.obj
c:\users\lcepa\documents\visual studio 2015\projects\arff_parser\arff_parser\debug\utils.obj
c:\users\lcepa\documents\visual studio 2015\projects\arff_parser\arff_parser\debug\arff_parser.res
c:\users\lcepa\documents\visual studio 2015\projects\arff_parser\debug\arff_parser.pdb
c:\users\lcepa\documents\visual studio 2015\projects\arff_parser\arff_parser\debug\arff_parser.tlog\cl.command.1.tlog
c:\users\lcepa\documents\visual studio 2015\projects\arff_parser\arff_parser\debug\arff_parser.tlog\cl.read.1.tlog
c:\users\lcepa\documents\visual studio 2015\projects\arff_parser\arff_parser\debug\arff_parser.tlog\cl.write.1.tlog
c:\users\lcepa\documents\visual studio 2015\projects\arff_parser\arff_parser\debug\arff_parser.tlog\link-cvtres.read.1.tlog
c:\users\lcepa\documents\visual studio 2015\projects\arff_parser\arff_parser\debug\arff_parser.tlog\link-cvtres.write.1.tlog
c:\users\lcepa\documents\visual studio 2015\projects\arff_parser\arff_parser\debug\arff_parser.tlog\link-rc.read.1.tlog
c:\users\lcepa\documents\visual studio 2015\projects\arff_parser\arff_parser\debug\arff_parser.tlog\link-rc.write.1.tlog
c:\users\lcepa\documents\visual studio 2015\projects\arff_parser\arff_parser\debug\arff_parser.tlog\link.8104-cvtres.read.1.tlog
c:\users\lcepa\documents\visual studio 2015\projects\arff_parser\arff_parser\debug\arff_parser.tlog\link.8104-cvtres.write.1.tlog
c:\users\lcepa\documents\visual studio 2015\projects\arff_parser\arff_parser\debug\arff_parser.tlog\link.8104-rc.read.1.tlog
c:\users\lcepa\documents\visual studio 2015\projects\arff_parser\arff_parser\debug\arff_parser.tlog\link.8104-rc.write.1.tlog
c:\users\lcepa\documents\visual studio 2015\projects\arff_parser\arff_parser\debug\arff_parser.tlog\link.8104.read.1.tlog
c:\users\lcepa\documents\visual studio 2015\projects\arff_parser\arff_parser\debug\arff_parser.tlog\link.8104.write.1.tlog
c:\users\lcepa\documents\visual studio 2015\projects\arff_parser\arff_parser\debug\arff_parser.tlog\link.command.1.tlog
c:\users\lcepa\documents\visual studio 2015\projects\arff_parser\arff_parser\debug\arff_parser.tlog\link.read.1.tlog
c:\users\lcepa\documents\visual studio 2015\projects\arff_parser\arff_parser\debug\arff_parser.tlog\link.write.1.tlog
c:\users\lcepa\documents\visual studio 2015\projects\arff_parser\arff_parser\debug\arff_parser.tlog\rc.command.1.tlog
c:\users\lcepa\documents\visual studio 2015\projects\arff_parser\arff_parser\debug\arff_parser.tlog\rc.read.1.tlog
c:\users\lcepa\documents\visual studio 2015\projects\arff_parser\arff_parser\debug\arff_parser.tlog\rc.write.1.tlog
